Build started 7/5/2015 7:15:20 PM.
     1>Project "C:\Users\Nick\documents\visual studio 2013\Projects\SandBox\SandBox\SandBox.vcxproj" on node 2 (Build target(s)).
     1>ClCompile:
         C:\Program Files (x86)\Microsoft Visual Studio 12.0\VC\bin\CL.exe /c /ZI /nologo /W3 /WX- /sdl /Od /Oy- /D WIN32 /D _DEBUG /D _CONSOLE /D _LIB /D _CRT_SECURE_NO_WARNINGS /D _UNICODE /D UNICODE /Gm /EHsc /RTC1 /MDd /GS /fp:precise /Zc:wchar_t /Zc:forScope /Fo"Debug\\" /Fd"Debug\vc120.pdb" /Gd /TP /analyze- /errorReport:prompt Polygon.cpp
         Polygon.cpp
     1>c:\users\nick\documents\visual studio 2013\projects\sandbox\sandbox\polygon.cpp(39): warning C4018: '<' : signed/unsigned mismatch
     1>c:\users\nick\documents\visual studio 2013\projects\sandbox\sandbox\polygon.cpp(40): warning C4018: '<' : signed/unsigned mismatch
     1>c:\users\nick\documents\visual studio 2013\projects\sandbox\sandbox\polygon.cpp(48): warning C4018: '<' : signed/unsigned mismatch
     1>c:\users\nick\documents\visual studio 2013\projects\sandbox\sandbox\polygon.cpp(49): warning C4018: '<' : signed/unsigned mismatch
     1>c:\users\nick\documents\visual studio 2013\projects\sandbox\sandbox\polygon.cpp(69): warning C4018: '<' : signed/unsigned mismatch
     1>c:\users\nick\documents\visual studio 2013\projects\sandbox\sandbox\polygon.cpp(555): error C4430: missing type specifier - int assumed. Note: C++ does not support default-int
     1>Done Building Project "C:\Users\Nick\documents\visual studio 2013\Projects\SandBox\SandBox\SandBox.vcxproj" (Build target(s)) -- FAILED.

Build FAILED.

Time Elapsed 00:00:00.56
